2024-04-29 18:16:27,079  [main] INFO  (BaseClass.java:44) - Chrome Browser setup completed
2024-04-29 18:16:41,923  [main] INFO  (BaseClass.java:71) - Landing Page is displayed
2024-04-29 18:16:41,978  [main] INFO  (testListners.java:14) - [Running Test] :- Validation of social Menus
2024-04-29 18:16:42,027  [main] INFO  (home_page.java:66) - Checking for social pop over in banner section
2024-04-29 18:16:42,027  [main] INFO  (home_page.java:69) - Social pop over is present
2024-04-29 18:16:42,126  [main] INFO  (home_page.java:71) - Clicking on social pop over menus
2024-04-29 18:16:42,361  [main] ERROR (testListners.java:22) - [Test Failed] :- Validation of social Menus
2024-04-29 18:16:43,711  [main] INFO  (BaseClass.java:87) - Taking Screenshot of failed test casetestScripts.tafe_home
2024-04-29 18:16:43,712  [main] INFO  (BaseClass.java:90) - Closing Browser
2024-04-29 18:23:43,958  [main] INFO  (BaseClass.java:44) - Chrome Browser setup completed
2024-04-29 18:24:03,681  [main] INFO  (BaseClass.java:44) - Chrome Browser setup completed
2024-04-29 18:24:17,449  [main] INFO  (BaseClass.java:71) - Landing Page is displayed
2024-04-29 18:24:17,499  [main] INFO  (testListners.java:14) - [Running Test] :- Validation of social Menus
2024-04-29 18:24:17,549  [main] INFO  (home_page.java:66) - Checking for social pop over in banner section
2024-04-29 18:24:17,550  [main] INFO  (home_page.java:69) - Social pop over is present
2024-04-29 18:24:17,645  [main] INFO  (home_page.java:71) - Clicking on social pop over menus
2024-04-29 18:24:22,882  [main] INFO  (home_page.java:81) - TAFE TRACTORS (@tafetractorsofficial) • Instagram photos and videos
2024-04-29 18:24:33,307  [main] INFO  (home_page.java:81) - TAFE Tractors | Facebook
2024-04-29 18:24:44,453  [main] INFO  (home_page.java:81) - TAFE TRACTORS - YouTube
2024-04-29 18:26:14,605  [main] INFO  (home_page.java:81) - 
2024-04-29 18:26:19,805  [main] ERROR (testListners.java:22) - [Test Failed] :- Validation of social Menus
